<test-run id="2" testcasecount="0" result="Passed" start-time="2024-05-26 14:17:45.256072" end-time="2024-05-26 14:17:45.581383" duration="0" total="0" passed="0" failed="0" inconclusive="0" skipped="0" asserts="0" clr-version="3.10.14 | packaged by Anaconda, Inc. | (main, May  6 2024, 19:44:50) [MSC v.1916 64 bit (AMD64)]" engine-version="3.6.2"><command-line>c:\Users\saugupta\.vscode\extensions\ms-python.python-2024.6.0\python_files\testing_tools\run_adapter.py discover pytest -- --rootdir c:\Personal\A_28012022\Extras-TBD\Repos\abnlatest -s --cache-clear tests</command-line><filter><test re="0">tests</test></filter></test-run>